# JRE version: OpenJDK Runtime Environment Temurin-17.0.4.1+1 (17.0.4.1+1) (build 17.0.4.1+1)
# Java VM: OpenJDK 64-Bit Server VM Temurin-17.0.4.1+1 (17.0.4.1+1, mixed mode, tiered, compressed oops, compressed class ptrs, g1 gc, windows-amd64)
GC Precious Log:
 CPUs: 4 total, 4 available
 Memory: 16328M
 Large Page Support: Disabled
 NUMA Support: Disabled
 Compressed Oops: Enabled (Zero based)
 Heap Region Size: 2M
 Heap Min Capacity: 8M
 Heap Initial Capacity: 256M
 Heap Max Capacity: 4084M
 Pre-touch: Disabled
 Parallel Workers: 4
 Concurrent Workers: 1
 Concurrent Refinement Workers: 4
 Periodic GC: Disabled
Heap:
 garbage-first heap   total 894976K, used 627174K [0x0000000700c00000, 0x0000000800000000)
  region size 2048K, 53 young (108544K), 13 survivors (26624K)
 Metaspace       used 28768K, committed 29120K, reserved 1081344K
  class space    used 2532K, committed 2688K, reserved 1048576K
GC Heap History (20 events):
Event: 11.665 GC heap before
{Heap before GC invocations=32 (full 2):
 garbage-first heap   total 894976K, used 429542K [0x0000000700c00000, 0x0000000800000000)
  region size 2048K, 95 young (194560K), 3 survivors (6144K)
 Metaspace       used 28705K, committed 29056K, reserved 1081344K
  class space    used 2531K, committed 2688K, reserved 1048576K
}
Event: 11.681 GC heap after
{Heap after GC invocations=33 (full 2):
 garbage-first heap   total 894976K, used 286182K [0x0000000700c00000, 0x0000000800000000)
  region size 2048K, 12 young (24576K), 12 survivors (24576K)
 Metaspace       used 28705K, committed 29056K, reserved 1081344K
  class space    used 2531K, committed 2688K, reserved 1048576K
}
Event: 11.964 GC heap before
{Heap before GC invocations=33 (full 2):
 garbage-first heap   total 894976K, used 304614K [0x0000000700c00000, 0x0000000800000000)
  region size 2048K, 21 young (43008K), 12 survivors (24576K)
 Metaspace       used 28710K, committed 29056K, reserved 1081344K
  class space    used 2531K, committed 2688K, reserved 1048576K
}
Event: 11.969 GC heap after
{Heap after GC invocations=34 (full 2):
 garbage-first heap   total 894976K, used 254510K [0x0000000700c00000, 0x0000000800000000)
  region size 2048K, 2 young (4096K), 2 survivors (4096K)
 Metaspace       used 28710K, committed 29056K, reserved 1081344K
  class space    used 2531K, committed 2688K, reserved 1048576K
}
Event: 12.538 GC heap before
{Heap before GC invocations=34 (full 2):
 garbage-first heap   total 894976K, used 514606K [0x0000000700c00000, 0x0000000800000000)
  region size 2048K, 130 young (266240K), 2 survivors (4096K)
 Metaspace       used 28717K, committed 29056K, reserved 1081344K
  class space    used 2531K, committed 2688K, reserved 1048576K
}
Event: 12.556 GC heap after
{Heap after GC invocations=35 (full 2):
 garbage-first heap   total 894976K, used 316902K [0x0000000700c00000, 0x0000000800000000)
  region size 2048K, 17 young (34816K), 17 survivors (34816K)
 Metaspace       used 28717K, committed 29056K, reserved 1081344K
  class space    used 2531K, committed 2688K, reserved 1048576K
}
Event: 13.041 GC heap before
{Heap before GC invocations=35 (full 2):
 garbage-first heap   total 894976K, used 556518K [0x0000000700c00000, 0x0000000800000000)
  region size 2048K, 135 young (276480K), 17 survivors (34816K)
 Metaspace       used 28752K, committed 29056K, reserved 1081344K
  class space    used 2531K, committed 2688K, reserved 1048576K
}
Event: 13.059 GC heap after
{Heap after GC invocations=36 (full 2):
 garbage-first heap   total 894976K, used 379366K [0x0000000700c00000, 0x0000000800000000)
  region size 2048K, 17 young (34816K), 17 survivors (34816K)
 Metaspace       used 28752K, committed 29056K, reserved 1081344K
  class space    used 2531K, committed 2688K, reserved 1048576K
}
Event: 13.749 GC heap before
{Heap before GC invocations=36 (full 2):
 garbage-first heap   total 894976K, used 602598K [0x0000000700c00000, 0x0000000800000000)
  region size 2048K, 127 young (260096K), 17 survivors (34816K)
 Metaspace       used 28753K, committed 29120K, reserved 1081344K
  class space    used 2531K, committed 2688K, reserved 1048576K
}
Event: 13.768 GC heap after
{Heap after GC invocations=37 (full 2):
 garbage-first heap   total 894976K, used 427494K [0x0000000700c00000, 0x0000000800000000)
  region size 2048K, 16 young (32768K), 16 survivors (32768K)
 Metaspace       used 28753K, committed 29120K, reserved 1081344K
  class space    used 2531K, committed 2688K, reserved 1048576K
}
Event: 15.253 GC heap before
{Heap before GC invocations=37 (full 2):
 garbage-first heap   total 894976K, used 634342K [0x0000000700c00000, 0x0000000800000000)
  region size 2048K, 118 young (241664K), 16 survivors (32768K)
 Metaspace       used 28760K, committed 29120K, reserved 1081344K
  class space    used 2531K, committed 2688K, reserved 1048576K
}
Event: 15.270 GC heap after
{Heap after GC invocations=38 (full 2):
 garbage-first heap   total 894976K, used 456166K [0x0000000700c00000, 0x0000000800000000)
  region size 2048K, 15 young (30720K), 15 survivors (30720K)
 Metaspace       used 28760K, committed 29120K, reserved 1081344K
  class space    used 2531K, committed 2688K, reserved 1048576K
}
Event: 16.175 GC heap before
{Heap before GC invocations=38 (full 2):
 garbage-first heap   total 894976K, used 656870K [0x0000000700c00000, 0x0000000800000000)
  region size 2048K, 114 young (233472K), 15 survivors (30720K)
 Metaspace       used 28760K, committed 29120K, reserved 1081344K
  class space    used 2531K, committed 2688K, reserved 1048576K
}
Event: 16.190 GC heap after
{Heap after GC invocations=39 (full 2):
 garbage-first heap   total 894976K, used 481766K [0x0000000700c00000, 0x0000000800000000)
  region size 2048K, 15 young (30720K), 15 survivors (30720K)
 Metaspace       used 28760K, committed 29120K, reserved 1081344K
  class space    used 2531K, committed 2688K, reserved 1048576K
}
Event: 17.254 GC heap before
{Heap before GC invocations=39 (full 2):
 garbage-first heap   total 894976K, used 676326K [0x0000000700c00000, 0x0000000800000000)
  region size 2048K, 111 young (227328K), 15 survivors (30720K)
 Metaspace       used 28760K, committed 29120K, reserved 1081344K
  class space    used 2531K, committed 2688K, reserved 1048576K
}
Event: 17.269 GC heap after
{Heap after GC invocations=40 (full 2):
 garbage-first heap   total 894976K, used 509414K [0x0000000700c00000, 0x0000000800000000)
  region size 2048K, 14 young (28672K), 14 survivors (28672K)
 Metaspace       used 28760K, committed 29120K, reserved 1081344K
  class space    used 2531K, committed 2688K, reserved 1048576K
}
Event: 18.604 GC heap before
{Heap before GC invocations=40 (full 2):
 garbage-first heap   total 894976K, used 689638K [0x0000000700c00000, 0x0000000800000000)
  region size 2048K, 103 young (210944K), 14 survivors (28672K)
 Metaspace       used 28762K, committed 29120K, reserved 1081344K
  class space    used 2531K, committed 2688K, reserved 1048576K
}
Event: 18.618 GC heap after
{Heap after GC invocations=41 (full 2):
 garbage-first heap   total 894976K, used 529894K [0x0000000700c00000, 0x0000000800000000)
  region size 2048K, 13 young (26624K), 13 survivors (26624K)
 Metaspace       used 28762K, committed 29120K, reserved 1081344K
  class space    used 2531K, committed 2688K, reserved 1048576K
}
Event: 19.945 GC heap before
{Heap before GC invocations=41 (full 2):
 garbage-first heap   total 894976K, used 701926K [0x0000000700c00000, 0x0000000800000000)
  region size 2048K, 97 young (198656K), 13 survivors (26624K)
 Metaspace       used 28762K, committed 29120K, reserved 1081344K
  class space    used 2531K, committed 2688K, reserved 1048576K
}
Event: 19.959 GC heap after
{Heap after GC invocations=42 (full 2):
 garbage-first heap   total 894976K, used 547302K [0x0000000700c00000, 0x0000000800000000)
  region size 2048K, 13 young (26624K), 13 survivors (26624K)
 Metaspace       used 28762K, committed 29120K, reserved 1081344K
  class space    used 2531K, committed 2688K, reserved 1048576K
}

