# JRE version: OpenJDK Runtime Environment Temurin-17.0.4.1+1 (17.0.4.1+1) (build 17.0.4.1+1)
# Java VM: OpenJDK 64-Bit Server VM Temurin-17.0.4.1+1 (17.0.4.1+1, mixed mode, tiered, compressed oops, compressed class ptrs, g1 gc, windows-amd64)
GC Precious Log:
 CPUs: 4 total, 4 available
 Memory: 16328M
 Large Page Support: Disabled
 NUMA Support: Disabled
 Compressed Oops: Enabled (Zero based)
 Heap Region Size: 2M
 Heap Min Capacity: 8M
 Heap Initial Capacity: 256M
 Heap Max Capacity: 4084M
 Pre-touch: Disabled
 Parallel Workers: 4
 Concurrent Workers: 1
 Concurrent Refinement Workers: 4
 Periodic GC: Disabled
Heap:
 garbage-first heap   total 28672K, used 10028K [0x0000000700c00000, 0x0000000800000000)
  region size 2048K, 2 young (4096K), 0 survivors (0K)
 Metaspace       used 28394K, committed 28736K, reserved 1081344K
  class space    used 2517K, committed 2688K, reserved 1048576K
GC Heap History (20 events):
Event: 53.916 GC heap before
{Heap before GC invocations=17 (full 1):
 garbage-first heap   total 49152K, used 31222K [0x0000000700c00000, 0x0000000800000000)
  region size 2048K, 11 young (22528K), 2 survivors (4096K)
 Metaspace       used 28317K, committed 28672K, reserved 1081344K
  class space    used 2515K, committed 2688K, reserved 1048576K
}
Event: 53.922 GC heap after
{Heap after GC invocations=18 (full 1):
 garbage-first heap   total 49152K, used 14859K [0x0000000700c00000, 0x0000000800000000)
  region size 2048K, 2 young (4096K), 2 survivors (4096K)
 Metaspace       used 28317K, committed 28672K, reserved 1081344K
  class space    used 2515K, committed 2688K, reserved 1048576K
}
Event: 54.791 GC heap before
{Heap before GC invocations=18 (full 1):
 garbage-first heap   total 49152K, used 31243K [0x0000000700c00000, 0x0000000800000000)
  region size 2048K, 10 young (20480K), 2 survivors (4096K)
 Metaspace       used 28407K, committed 28736K, reserved 1081344K
  class space    used 2521K, committed 2688K, reserved 1048576K
}
Event: 54.796 GC heap after
{Heap after GC invocations=19 (full 1):
 garbage-first heap   total 49152K, used 16986K [0x0000000700c00000, 0x0000000800000000)
  region size 2048K, 2 young (4096K), 2 survivors (4096K)
 Metaspace       used 28407K, committed 28736K, reserved 1081344K
  class space    used 2521K, committed 2688K, reserved 1048576K
}
Event: 54.801 GC heap before
{Heap before GC invocations=19 (full 1):
 garbage-first heap   total 49152K, used 29274K [0x0000000700c00000, 0x0000000800000000)
  region size 2048K, 8 young (16384K), 2 survivors (4096K)
 Metaspace       used 28407K, committed 28736K, reserved 1081344K
  class space    used 2521K, committed 2688K, reserved 1048576K
}
Event: 54.803 GC heap after
{Heap after GC invocations=20 (full 1):
 garbage-first heap   total 49152K, used 17291K [0x0000000700c00000, 0x0000000800000000)
  region size 2048K, 1 young (2048K), 1 survivors (2048K)
 Metaspace       used 28407K, committed 28736K, reserved 1081344K
  class space    used 2521K, committed 2688K, reserved 1048576K
}
Event: 54.807 GC heap before
{Heap before GC invocations=20 (full 1):
 garbage-first heap   total 49152K, used 29579K [0x0000000700c00000, 0x0000000800000000)
  region size 2048K, 7 young (14336K), 1 survivors (2048K)
 Metaspace       used 28407K, committed 28736K, reserved 1081344K
  class space    used 2521K, committed 2688K, reserved 1048576K
}
Event: 54.808 GC heap after
{Heap after GC invocations=21 (full 1):
 garbage-first heap   total 49152K, used 17046K [0x0000000700c00000, 0x0000000800000000)
  region size 2048K, 1 young (2048K), 1 survivors (2048K)
 Metaspace       used 28407K, committed 28736K, reserved 1081344K
  class space    used 2521K, committed 2688K, reserved 1048576K
}
Event: 54.822 GC heap before
{Heap before GC invocations=21 (full 1):
 garbage-first heap   total 49152K, used 31382K [0x0000000700c00000, 0x0000000800000000)
  region size 2048K, 8 young (16384K), 1 survivors (2048K)
 Metaspace       used 28407K, committed 28736K, reserved 1081344K
  class space    used 2521K, committed 2688K, reserved 1048576K
}
Event: 54.823 GC heap after
{Heap after GC invocations=22 (full 1):
 garbage-first heap   total 49152K, used 17009K [0x0000000700c00000, 0x0000000800000000)
  region size 2048K, 1 young (2048K), 1 survivors (2048K)
 Metaspace       used 28407K, committed 28736K, reserved 1081344K
  class space    used 2521K, committed 2688K, reserved 1048576K
}
Event: 54.859 GC heap before
{Heap before GC invocations=23 (full 1):
 garbage-first heap   total 49152K, used 31345K [0x0000000700c00000, 0x0000000800000000)
  region size 2048K, 8 young (16384K), 1 survivors (2048K)
 Metaspace       used 28392K, committed 28736K, reserved 1081344K
  class space    used 2516K, committed 2688K, reserved 1048576K
}
Event: 54.859 GC heap after
{Heap after GC invocations=24 (full 1):
 garbage-first heap   total 49152K, used 17003K [0x0000000700c00000, 0x0000000800000000)
  region size 2048K, 1 young (2048K), 1 survivors (2048K)
 Metaspace       used 28392K, committed 28736K, reserved 1081344K
  class space    used 2516K, committed 2688K, reserved 1048576K
}
Event: 54.860 GC heap before
{Heap before GC invocations=24 (full 1):
 garbage-first heap   total 49152K, used 19051K [0x0000000700c00000, 0x0000000800000000)
  region size 2048K, 2 young (4096K), 1 survivors (2048K)
 Metaspace       used 28392K, committed 28736K, reserved 1081344K
  class space    used 2516K, committed 2688K, reserved 1048576K
}
Event: 54.861 GC heap after
{Heap after GC invocations=25 (full 1):
 garbage-first heap   total 49152K, used 13984K [0x0000000700c00000, 0x0000000800000000)
  region size 2048K, 1 young (2048K), 1 survivors (2048K)
 Metaspace       used 28392K, committed 28736K, reserved 1081344K
  class space    used 2516K, committed 2688K, reserved 1048576K
}
Event: 54.862 GC heap before
{Heap before GC invocations=25 (full 1):
 garbage-first heap   total 49152K, used 16032K [0x0000000700c00000, 0x0000000800000000)
  region size 2048K, 2 young (4096K), 1 survivors (2048K)
 Metaspace       used 28392K, committed 28736K, reserved 1081344K
  class space    used 2516K, committed 2688K, reserved 1048576K
}
Event: 54.866 GC heap after
{Heap after GC invocations=26 (full 1):
 garbage-first heap   total 155648K, used 11906K [0x0000000700c00000, 0x0000000800000000)
  region size 2048K, 1 young (2048K), 1 survivors (2048K)
 Metaspace       used 28392K, committed 28736K, reserved 1081344K
  class space    used 2516K, committed 2688K, reserved 1048576K
}
Event: 54.913 GC heap before
{Heap before GC invocations=26 (full 1):
 garbage-first heap   total 155648K, used 61058K [0x0000000700c00000, 0x0000000800000000)
  region size 2048K, 26 young (53248K), 1 survivors (2048K)
 Metaspace       used 28392K, committed 28736K, reserved 1081344K
  class space    used 2516K, committed 2688K, reserved 1048576K
}
Event: 54.932 GC heap after
{Heap after GC invocations=27 (full 2):
 garbage-first heap   total 34816K, used 7980K [0x0000000700c00000, 0x0000000800000000)
  region size 2048K, 0 young (0K), 0 survivors (0K)
 Metaspace       used 28392K, committed 28736K, reserved 1081344K
  class space    used 2516K, committed 2688K, reserved 1048576K
}
Event: 54.934 GC heap before
{Heap before GC invocations=27 (full 2):
 garbage-first heap   total 34816K, used 7980K [0x0000000700c00000, 0x0000000800000000)
  region size 2048K, 1 young (2048K), 0 survivors (0K)
 Metaspace       used 28392K, committed 28736K, reserved 1081344K
  class space    used 2516K, committed 2688K, reserved 1048576K
}
Event: 54.963 GC heap after
{Heap after GC invocations=28 (full 3):
 garbage-first heap   total 28672K, used 7980K [0x0000000700c00000, 0x0000000800000000)
  region size 2048K, 0 young (0K), 0 survivors (0K)
 Metaspace       used 28392K, committed 28736K, reserved 1081344K
  class space    used 2516K, committed 2688K, reserved 1048576K
}

