# JRE version: OpenJDK Runtime Environment Temurin-17.0.4.1+1 (17.0.4.1+1) (build 17.0.4.1+1)
# Java VM: OpenJDK 64-Bit Server VM Temurin-17.0.4.1+1 (17.0.4.1+1, mixed mode, tiered, compressed oops, compressed class ptrs, g1 gc, windows-amd64)
GC Precious Log:
 CPUs: 4 total, 4 available
 Memory: 16328M
 Large Page Support: Disabled
 NUMA Support: Disabled
 Compressed Oops: Enabled (Zero based)
 Heap Region Size: 2M
 Heap Min Capacity: 8M
 Heap Initial Capacity: 256M
 Heap Max Capacity: 4084M
 Pre-touch: Disabled
 Parallel Workers: 4
 Concurrent Workers: 1
 Concurrent Refinement Workers: 4
 Periodic GC: Disabled
Heap:
 garbage-first heap   total 34816K, used 16707K [0x0000000700c00000, 0x0000000800000000)
  region size 2048K, 5 young (10240K), 1 survivors (2048K)
 Metaspace       used 26824K, committed 27136K, reserved 1073152K
  class space    used 2495K, committed 2688K, reserved 1048576K
GC Heap History (12 events):
Event: 0.800 GC heap before
{Heap before GC invocations=0 (full 0):
 garbage-first heap   total 262144K, used 10240K [0x0000000700c00000, 0x0000000800000000)
  region size 2048K, 6 young (12288K), 0 survivors (0K)
 Metaspace       used 11090K, committed 11328K, reserved 1064960K
  class space    used 833K, committed 960K, reserved 1048576K
}
Event: 0.803 GC heap after
{Heap after GC invocations=1 (full 0):
 garbage-first heap   total 262144K, used 2470K [0x0000000700c00000, 0x0000000800000000)
  region size 2048K, 1 young (2048K), 1 survivors (2048K)
 Metaspace       used 11090K, committed 11328K, reserved 1064960K
  class space    used 833K, committed 960K, reserved 1048576K
}
Event: 1.252 GC heap before
{Heap before GC invocations=1 (full 0):
 garbage-first heap   total 262144K, used 12710K [0x0000000700c00000, 0x0000000800000000)
  region size 2048K, 7 young (14336K), 1 survivors (2048K)
 Metaspace       used 15495K, committed 15680K, reserved 1064960K
  class space    used 1191K, committed 1280K, reserved 1048576K
}
Event: 1.255 GC heap after
{Heap after GC invocations=2 (full 0):
 garbage-first heap   total 262144K, used 3170K [0x0000000700c00000, 0x0000000800000000)
  region size 2048K, 1 young (2048K), 1 survivors (2048K)
 Metaspace       used 15495K, committed 15680K, reserved 1064960K
  class space    used 1191K, committed 1280K, reserved 1048576K
}
Event: 1.579 GC heap before
{Heap before GC invocations=2 (full 0):
 garbage-first heap   total 262144K, used 25698K [0x0000000700c00000, 0x0000000800000000)
  region size 2048K, 13 young (26624K), 1 survivors (2048K)
 Metaspace       used 21341K, committed 21504K, reserved 1073152K
  class space    used 1885K, committed 1984K, reserved 1048576K
}
Event: 1.582 GC heap after
{Heap after GC invocations=3 (full 0):
 garbage-first heap   total 262144K, used 4511K [0x0000000700c00000, 0x0000000800000000)
  region size 2048K, 2 young (4096K), 2 survivors (4096K)
 Metaspace       used 21341K, committed 21504K, reserved 1073152K
  class space    used 1885K, committed 1984K, reserved 1048576K
}
Event: 1.899 GC heap before
{Heap before GC invocations=4 (full 0):
 garbage-first heap   total 34816K, used 22943K [0x0000000700c00000, 0x0000000800000000)
  region size 2048K, 11 young (22528K), 2 survivors (4096K)
 Metaspace       used 23263K, committed 23488K, reserved 1073152K
  class space    used 2077K, committed 2176K, reserved 1048576K
}
Event: 1.904 GC heap after
{Heap after GC invocations=5 (full 0):
 garbage-first heap   total 34816K, used 8443K [0x0000000700c00000, 0x0000000800000000)
  region size 2048K, 2 young (4096K), 2 survivors (4096K)
 Metaspace       used 23263K, committed 23488K, reserved 1073152K
  class space    used 2077K, committed 2176K, reserved 1048576K
}
Event: 1.919 GC heap before
{Heap before GC invocations=5 (full 0):
 garbage-first heap   total 34816K, used 10491K [0x0000000700c00000, 0x0000000800000000)
  region size 2048K, 3 young (6144K), 2 survivors (4096K)
 Metaspace       used 23317K, committed 23488K, reserved 1073152K
  class space    used 2085K, committed 2176K, reserved 1048576K
}
Event: 1.923 GC heap after
{Heap after GC invocations=6 (full 0):
 garbage-first heap   total 34816K, used 9267K [0x0000000700c00000, 0x0000000800000000)
  region size 2048K, 1 young (2048K), 1 survivors (2048K)
 Metaspace       used 23317K, committed 23488K, reserved 1073152K
  class space    used 2085K, committed 2176K, reserved 1048576K
}
Event: 2.025 GC heap before
{Heap before GC invocations=6 (full 0):
 garbage-first heap   total 34816K, used 19507K [0x0000000700c00000, 0x0000000800000000)
  region size 2048K, 6 young (12288K), 1 survivors (2048K)
 Metaspace       used 24097K, committed 24320K, reserved 1073152K
  class space    used 2196K, committed 2304K, reserved 1048576K
}
Event: 2.026 GC heap after
{Heap after GC invocations=7 (full 0):
 garbage-first heap   total 34816K, used 10563K [0x0000000700c00000, 0x0000000800000000)
  region size 2048K, 1 young (2048K), 1 survivors (2048K)
 Metaspace       used 24097K, committed 24320K, reserved 1073152K
  class space    used 2196K, committed 2304K, reserved 1048576K
}

