# JRE version: OpenJDK Runtime Environment Temurin-17.0.4.1+1 (17.0.4.1+1) (build 17.0.4.1+1)
# Java VM: OpenJDK 64-Bit Server VM Temurin-17.0.4.1+1 (17.0.4.1+1, mixed mode, tiered, compressed oops, compressed class ptrs, g1 gc, windows-amd64)
GC Precious Log:
 CPUs: 4 total, 4 available
 Memory: 16328M
 Large Page Support: Disabled
 NUMA Support: Disabled
 Compressed Oops: Enabled (Zero based)
 Heap Region Size: 2M
 Heap Min Capacity: 8M
 Heap Initial Capacity: 256M
 Heap Max Capacity: 4084M
 Pre-touch: Disabled
 Parallel Workers: 4
 Concurrent Workers: 1
 Concurrent Refinement Workers: 4
 Periodic GC: Disabled
Heap:
 garbage-first heap   total 669696K, used 451954K [0x0000000700c00000, 0x0000000800000000)
  region size 2048K, 35 young (71680K), 8 survivors (16384K)
 Metaspace       used 28554K, committed 28864K, reserved 1081344K
  class space    used 2515K, committed 2688K, reserved 1048576K
GC Heap History (20 events):
Event: 7.708 GC heap before
{Heap before GC invocations=42 (full 4):
 garbage-first heap   total 258048K, used 127397K [0x0000000700c00000, 0x0000000800000000)
  region size 2048K, 6 young (12288K), 4 survivors (8192K)
 Metaspace       used 28397K, committed 28672K, reserved 1081344K
  class space    used 2513K, committed 2688K, reserved 1048576K
}
Event: 7.717 GC heap after
{Heap after GC invocations=43 (full 4):
 garbage-first heap   total 258048K, used 125870K [0x0000000700c00000, 0x0000000800000000)
  region size 2048K, 1 young (2048K), 1 survivors (2048K)
 Metaspace       used 28397K, committed 28672K, reserved 1081344K
  class space    used 2513K, committed 2688K, reserved 1048576K
}
Event: 7.807 GC heap before
{Heap before GC invocations=43 (full 4):
 garbage-first heap   total 258048K, used 164782K [0x0000000700c00000, 0x0000000800000000)
  region size 2048K, 20 young (40960K), 1 survivors (2048K)
 Metaspace       used 28397K, committed 28672K, reserved 1081344K
  class space    used 2513K, committed 2688K, reserved 1048576K
}
Event: 7.823 GC heap after
{Heap after GC invocations=44 (full 4):
 garbage-first heap   total 258048K, used 151869K [0x0000000700c00000, 0x0000000800000000)
  region size 2048K, 3 young (6144K), 3 survivors (6144K)
 Metaspace       used 28397K, committed 28672K, reserved 1081344K
  class space    used 2513K, committed 2688K, reserved 1048576K
}
Event: 7.919 GC heap before
{Heap before GC invocations=44 (full 4):
 garbage-first heap   total 258048K, used 180541K [0x0000000700c00000, 0x0000000800000000)
  region size 2048K, 17 young (34816K), 3 survivors (6144K)
 Metaspace       used 28397K, committed 28672K, reserved 1081344K
  class space    used 2513K, committed 2688K, reserved 1048576K
}
Event: 7.941 GC heap after
{Heap after GC invocations=45 (full 4):
 garbage-first heap   total 258048K, used 172812K [0x0000000700c00000, 0x0000000800000000)
  region size 2048K, 3 young (6144K), 3 survivors (6144K)
 Metaspace       used 28397K, committed 28672K, reserved 1081344K
  class space    used 2513K, committed 2688K, reserved 1048576K
}
Event: 8.009 GC heap before
{Heap before GC invocations=45 (full 4):
 garbage-first heap   total 258048K, used 191244K [0x0000000700c00000, 0x0000000800000000)
  region size 2048K, 13 young (26624K), 3 survivors (6144K)
 Metaspace       used 28397K, committed 28672K, reserved 1081344K
  class space    used 2513K, committed 2688K, reserved 1048576K
}
Event: 8.024 GC heap after
{Heap after GC invocations=46 (full 4):
 garbage-first heap   total 722944K, used 188244K [0x0000000700c00000, 0x0000000800000000)
  region size 2048K, 2 young (4096K), 2 survivors (4096K)
 Metaspace       used 28397K, committed 28672K, reserved 1081344K
  class space    used 2513K, committed 2688K, reserved 1048576K
}
Event: 8.552 GC heap before
{Heap before GC invocations=47 (full 4):
 garbage-first heap   total 669696K, used 372564K [0x0000000700c00000, 0x0000000800000000)
  region size 2048K, 92 young (188416K), 2 survivors (4096K)
 Metaspace       used 28397K, committed 28672K, reserved 1081344K
  class space    used 2513K, committed 2688K, reserved 1048576K
}
Event: 8.629 GC heap after
{Heap after GC invocations=48 (full 4):
 garbage-first heap   total 669696K, used 309822K [0x0000000700c00000, 0x0000000800000000)
  region size 2048K, 12 young (24576K), 12 survivors (24576K)
 Metaspace       used 28397K, committed 28672K, reserved 1081344K
  class space    used 2513K, committed 2688K, reserved 1048576K
}
Event: 8.648 GC heap before
{Heap before GC invocations=48 (full 4):
 garbage-first heap   total 669696K, used 315966K [0x0000000700c00000, 0x0000000800000000)
  region size 2048K, 16 young (32768K), 12 survivors (24576K)
 Metaspace       used 28397K, committed 28672K, reserved 1081344K
  class space    used 2513K, committed 2688K, reserved 1048576K
}
Event: 8.663 GC heap after
{Heap after GC invocations=49 (full 4):
 garbage-first heap   total 669696K, used 302932K [0x0000000700c00000, 0x0000000800000000)
  region size 2048K, 2 young (4096K), 2 survivors (4096K)
 Metaspace       used 28397K, committed 28672K, reserved 1081344K
  class space    used 2513K, committed 2688K, reserved 1048576K
}
Event: 9.608 GC heap before
{Heap before GC invocations=49 (full 4):
 garbage-first heap   total 669696K, used 409428K [0x0000000700c00000, 0x0000000800000000)
  region size 2048K, 55 young (112640K), 2 survivors (4096K)
 Metaspace       used 28401K, committed 28672K, reserved 1081344K
  class space    used 2514K, committed 2688K, reserved 1048576K
}
Event: 9.621 GC heap after
{Heap after GC invocations=50 (full 4):
 garbage-first heap   total 669696K, used 353108K [0x0000000700c00000, 0x0000000800000000)
  region size 2048K, 7 young (14336K), 7 survivors (14336K)
 Metaspace       used 28401K, committed 28672K, reserved 1081344K
  class space    used 2514K, committed 2688K, reserved 1048576K
}
Event: 11.751 GC heap before
{Heap before GC invocations=50 (full 4):
 garbage-first heap   total 669696K, used 447316K [0x0000000700c00000, 0x0000000800000000)
  region size 2048K, 53 young (108544K), 7 survivors (14336K)
 Metaspace       used 28437K, committed 28736K, reserved 1081344K
  class space    used 2514K, committed 2688K, reserved 1048576K
}
Event: 11.762 GC heap after
{Heap after GC invocations=51 (full 4):
 garbage-first heap   total 669696K, used 369492K [0x0000000700c00000, 0x0000000800000000)
  region size 2048K, 7 young (14336K), 7 survivors (14336K)
 Metaspace       used 28437K, committed 28736K, reserved 1081344K
  class space    used 2514K, committed 2688K, reserved 1048576K
}
Event: 12.976 GC heap before
{Heap before GC invocations=51 (full 4):
 garbage-first heap   total 669696K, used 465748K [0x0000000700c00000, 0x0000000800000000)
  region size 2048K, 54 young (110592K), 7 survivors (14336K)
 Metaspace       used 28456K, committed 28736K, reserved 1081344K
  class space    used 2514K, committed 2688K, reserved 1048576K
}
Event: 12.983 GC heap after
{Heap after GC invocations=52 (full 4):
 garbage-first heap   total 669696K, used 378694K [0x0000000700c00000, 0x0000000800000000)
  region size 2048K, 7 young (14336K), 7 survivors (14336K)
 Metaspace       used 28456K, committed 28736K, reserved 1081344K
  class space    used 2514K, committed 2688K, reserved 1048576K
}
Event: 13.675 GC heap before
{Heap before GC invocations=52 (full 4):
 garbage-first heap   total 669696K, used 481094K [0x0000000700c00000, 0x0000000800000000)
  region size 2048K, 57 young (116736K), 7 survivors (14336K)
 Metaspace       used 28552K, committed 28864K, reserved 1081344K
  class space    used 2515K, committed 2688K, reserved 1048576K
}
Event: 13.689 GC heap after
{Heap after GC invocations=53 (full 4):
 garbage-first heap   total 669696K, used 398706K [0x0000000700c00000, 0x0000000800000000)
  region size 2048K, 8 young (16384K), 8 survivors (16384K)
 Metaspace       used 28552K, committed 28864K, reserved 1081344K
  class space    used 2515K, committed 2688K, reserved 1048576K
}

